1700601628226	geckodriver	INFO	Listening on 127.0.0.1:54998
1700601631251	mozrunner::runner	INFO	Running command: "C:\\Program Files\\Mozilla Firefox\\firefox.exe" "--marionette" "-headless" "-no-remote" "-profile" "C:\\Users\\shubh\\AppData\\Local\\Temp\\rust_mozprofile05XYNq"
1700601631429	geckodriver	INFO	Listeninconsole.warn: service1700601634452	mozrunner::runner	INFO	Running command: "C:\\Program Files\\Mozilla Firefox\\firefox.exe" "--marionette" "-headless" "-no-remote" "-profile" "C:\\Users\\shubh\\AppData\\Local\\Temp\\rust_mozprofile2cMFIa"
*** You are running in headless mode.
console.warn: services.settings: Ignoring preference override of remote settings server
console.warn: services.settings: Allow by setting MOZ_REMOTE_SETTINGS_DEVTOOLS=1 in the environment
1700601634853	Marionette	INFO	Marionette enabled
Dynamically enJavaScript error: https://qcpi.questcdn.com/cdn/posting/?group=1950787&provider=1950787, line 891: ReferenceError: mmLoadMenus is not defined
JavaScript error: https://qcpi.questcdn.com/cdn/posting/?group=1950787&provider=1950787, line 915: ReferenceError: MM_preloadImages is not defined
1700601643745	geckodriver	INFO	Listening on 127.0.0.1:55143
1700601646806	mozrunner::runner	INFO	Running command: "C:\\Program Files\\Mozilla Firefox\\firefox.exe" "--marionette" "-headless" "-no-remote" "-profile" "C:\\Users\\shubh\\AppData\\Local\\Temp\\rust_mozprofile2D7zNB"
*** You are running in headless mode.
console.warn: services.settings: Ignoring preference override of remote settings server
console.warn: services.settings: Allow by setting MOZ_REMOTE_SETTINGS_DEVTOOLS=1 in the environment
1700601647193	Marionette	INFO	Marionette enabled
Dynamicall1700601650150	mozrunner::runner	INFO	Running command: "C:\\Program Files\\Mozilla Firefox\\firefox.exe" "--marionette" "-headless" "-no-remote" "-profile" "C:\\Users\\shubh\\AppData\\Local\\Temp\\rust_mozprofile5hQ2Fy"
*** You are running in headless mode.
console.warn: services.seJavaScript error: https://qcpi.questcdn.com/cdn/posting/?group=1950787&provider=1950787, line 891: ReferenceError: mmLoadMenus is not defined
JavaScript error: https://qcpi.questcdn.com/cdn/posting/?group=1950787&provider=1950787, line 915: ReferenceError: MM_preloadImages is not defined
1700601679566	addons.xpi	ERROR	System addon update list error SyntaxError: XMLHttpRequest.open: 'http://%(server)s/dummy-system-addons.xml' is not a valid URL.
1700601685122	Marionette	INFO	Stopped listening on port 55157
JavaScript warning: https://qcpi.questcdn.com/static/assets/js/scripts.js, line 4287: Script terminated by timeout at:
f/<@https://qcpi.questcdn.com/static/assets/js/scripts.js:4287:58

Dynamically enable window occlusion 1
e 915: ReferenceError: MM_preloadImages is not defined
1700601681174	addons.xpi	ERROR	System addon update list error SyntaxError: XMLHttpRequest.open: 'http://%(server)s/dummy-system-addons.xml' is not a valid URL.
1700601688688	Marionette	INFO	Stopped listening on port 55220
JavaScript warning: https://qcpi.questcdn.com/static/assets/js/scripts.js, line 4287: Script terminated by timeout at:
f/<@https://qcpi.questcdn.com/static/assets/js/scripts.js:4287:58

Dynamically enable window occlusion 1
1700601829290	geckodriver	INFO	Listening on 127.0.0.1:55401
1700601832393	mozrunner::runner	INFO	Running command: "C:\\Program Files\\Mozilla Firefox\\firefox.exe" "--marionette" "-headless" "-no-remote" "-profile" "C:\\Users\\shubh\\AppData\\Local\\Temp\\rust_mozprofile56nEkm"
*** You are running in headless mode.
console.warn: services.settings: Ignoring preference override of remote settings server
console.warn: services.settings: Allow by setting MOZ_REMOTE_SETTINGS_DEVTOOLS=1 in the environment
1700601832791	Marionette	INFO	Marionette enabled
Dynamically enable window occlusion 0
1700601832849	Marionette	INFO	Listening on port 55413
Read port: 55413
1700601832994	RemoteAgent	WARN	TLS certificate errors will be ignored for this session
[GFX1-]: RenderCompositorSWGL failed mapping default framebuffer, no dt
console.error: ({})
JavaScript error: https://qcpi.questcdn.com/cdn/posting/?group=1950787&provider=1950787, line 891: ReferenceError: mmLoadMenus is not defined
JavaScript error: https://qcpi.questcdn.com/cdn/posting/?group=1950787&provider=1950787, line 915: ReferenceError: MM_preloadImages is not defined
1700601863627	addons.xpi	ERROR	System addon update list error SyntaxError: XMLHttpRequest.open: 'http://%(server)s/dummy-system-addons.xml' is not a valid URL.
1700601871024	Marionette	INFO	Stopped listening on port 55413
JavaScript warning: https://qcpi.questcdn.com/static/assets/js/scripts.js, line 4287: Script terminated by timeout at:
f/<@https://qcpi.questcdn.com/static/assets/js/scripts.js:4287:58

Dynamically enable window occlusion 1
1700601892029	geckodriver	INFO	Listening on 127.0.0.1:55497
1700601895056	mozrunner::runner	INFO	Running command: "C:\\Program Files\\Mozilla Firefox\\firefox.exe" "--marionette" "-headless" "-no-remote" "-profile" "C:\\Users\\shubh\\AppData\\Local\\Temp\\rust_mozprofileoF54Hq"
*** You are running in headless mode.
console.warn: services.settings: Ignoring preference override of remote settings server
console.warn: services.settings: Allow by setting MOZ_REMOTE_SETTINGS_DEVTOOLS=1 in the environment
1700601895339	Marionette	INFO	Marionette enabled
Dynamically enable window occlusion 0
1700601895399	Marionette	INFO	Listening on port 55510
Read port: 55510
1700601895551	RemoteAgent	WARN	TLS certificate errors will be ignored for this session
[GFX1-]: RenderCompositorSWGL failed mapping default framebuffer, no dt
console.error: ({})
JavaScript error: https://qcpi.questcdn.com/cdn/posting/?group=1950787&provider=1950787, line 891: ReferenceError: mmLoadMenus is not defined
JavaScript error: https://qcpi.questcdn.com/cdn/posting/?group=1950787&provider=1950787, line 915: ReferenceError: MM_preloadImages is not defined
1700601925387	addons.xpi	ERROR	System addon update list error SyntaxError: XMLHttpRequest.open: 'http://%(server)s/dummy-system-addons.xml' is not a valid URL.
e" "--marionette" "-headless" "-no-remote" "-profile" "C:\\Users\\shubh\\AppData\\Local\\Temp\\rust_mozprofile717QfW"
*** You are running in headless mode.
console.warn: services.settings: Ignoring preference override of remote settings server
console.warn: services.settings: Allow by setting MOZ_REMOTE_SETTINGS_DEVTOOLS=1 in the environment
1700601921846	Marionette	INFO	Marionette enabled
Dynamically enable window occlusion 0
1700601921904	Marionette	INFO	Listening on port 55594
Read port: 55594
1700601922070	RemoteAgent	WARN	TLS certificate errors will be ignored for this session
[GFX1-]: RenderCompositorSWGL failed mapping default framebuffer, no dt
console.error: ({})
1700601952370	addons.xpi	ERROR	System addon update list error SyntaxError: XMLHttpRequest.open: 'http://%(server)s/dummy-system-addons.xml' is not a valid URL.
e" "--marionette" "-headless" "-no-remote" "-profile" "C:\\Users\\shubh\\AppData\\Local\\Temp\\rust_mozprofileN9HWWm"
*** You are running in headless mode.
console.warn: services.settings: Ignoring preference override of remote settings server
console.warn: services.settings: Allow by setting MOZ_REMOTE_SETTINGS_DEVTOOLS=1 in the environment
1700601931055	Marionette	INFO	Marionette enabled
Dynamically enable window occlusion 0
1700601931115	Marionette	INFO	Listening on port 55636
Read port: 55636
1700601931276	RemoteAgent	WARN	TLS certificate errors will be ignored for this session
[GFX1-]: RenderCompositorSWGL failed mapping default framebuffer, no dt
console.error: ({})
JavaScript error: https://qcpi.questcdn.com/cdn/posting/?group=1950787&provider=1950787, line 891: ReferenceError: mmLoadMenus is not defined
JavaScript error: https://qcpi.questcdn.com/cdn/posting/?group=1950787&provider=1950787, line 915: ReferenceError: MM_preloadImages is not defined
1700601961078	addons.xpi	ERROR	System addon update list error SyntaxError: XMLHttpRequest.open: 'http://%(server)s/dummy-system-addons.xml' is not a valid URL.
1700601969352	Marionette	INFO	Stopped listening on port 55636
JavaScript warning: https://qcpi.questcdn.com/static/assets/js/scripts.js, line 4287: Script terminated by timeout at:
f/<@https://qcpi.questcdn.com/static/assets/js/scripts.js:4287:58

Dynamically enable window occlusion 1
1700601998698	geckodriver	INFO	Listening on 127.0.0.1:55739
1700602001741	mozrunner::runner	INFO	Running command: "C:\\Program Files\\Mozilla Firefox\\firefox.exe" "--marionette" "-headless" "-no-remote" "-profile" "C:\\Users\\shubh\\AppData\\Local\\Temp\\rust_mozprofileRXm0Ku"
*** You are running in headless mode.
console.warn: services.settings: Ignoring preference override of remote settings server
console.warn: services.settings: Allow by setting MOZ_REMOTE_SETTINGS_DEVTOOLS=1 in the environment
1700602002166	Marionette	INFO	Marionette enabled
Dynamically enable window occlusion 0
1700602002227	Marionette	INFO	Listening on port 55751
Read port: 55751
1700602002401	RemoteAgent	WARN	TLS certificate errors will be ignored for this session
[GFX1-]: RenderCompositorSWGL failed mapping default framebuffer, no dt
console.error: ({})
JavaScript error: https://qcpi.questcdn.com/cdn/posting/?group=1950787&provider=1950787, line 891: ReferenceError: mmLoadMenus is not defined
JavaScript error: https://qcpi.questcdn.com/cdn/posting/?group=1950787&provider=1950787, line 915: ReferenceError: MM_preloadImages is not defined
1700602032498	addons.xpi	ERROR	System addon update list error SyntaxError: XMLHttpRequest.open: 'http://%(server)s/dummy-system-addons.xml' is not a valid URL.
1700602041021	Marionette	INFO	Stopped listening on port 55751
JavaScript warning: https://qcpi.questcdn.com/static/assets/js/scripts.js, line 4287: Script terminated by timeout at:
f/<@https://qcpi.questcdn.com/static/assets/js/scripts.js:4287:58

Dynamically enable window occlusion 1
1700602322497	geckodriver	INFO	Listening on 127.0.0.1:55959
1700602325510	mozrunner::runner	INFO	Running command: "C:\\P1700602328257	mozrunner::runner	INFO	Running command: "C:\\Program Files\\Mozilla Firefox\\firefox.exe" "--marionette" "-headless" "-no-remote" "-profile" "C:\\Users\\shubh\\AppData\\Local\\Temp\\rust_mozprofilexDnua3"
*** You are running in headless mode.
console.warn: services.settings: Ignoring preference override of remote settings server
console.warn: services.settings: Allow by setting MOZ_REMOTE_SETTINGS_DEVTOOLS=1 in the environment
1700602328561	Marionette	INFO	Marionette enabled
Dynamically enable window occlusion 0
1700602328627	Marionette	INFO	Listening on port 56028
Read port: 56028
1700602328787	RemoteAgent	WARN	TLS certificate errors will be ignored for this session
[GFX1-]: RenderCompositorSWGL failJavaScript error: https://qcpi.questcdn.com/cdn/posting/?groJavaScript error: https://qcpi.questcdn.com/cdn/posting/?group=1950787&provider=1950787, line 891: ReferenceError: mmLoadMenus is not defined
JavaScript error: https://qcpi.questcdn.com/cdn/posting/?group=1950787&provider=1950787,1700602356890	addons.xpi	ERROR	System addon update list erro1700602361002	addons.xpi	ERROR	System addon update list error SyntaxError: XMLHttpRequest.open: 'http1700602364062	Marionette	INFO	Stopped listening on port 55971700602366791	Marionette	INFO	Stopped listening on port 56028
JavaScript warning: https://qcpi.questcdn.com/static/assets/js/scripts.js, line 4287: Script terminated by timeout at:
f/<@https://qcpi.questcdn.com/static/assets/js/scripts.js:4287:58

Dynamically enable window occlusion 1
1700602390993	geckodriver	INFO	Listening on 127.0.0.1:56123
1700602394048	mozrunner::runner	INFO	Running command: "C:\\Program Files\\Mozilla Firefox\\firefox.exe" "--marionette" "-headless" "-no-remote" "-profile" "C:\\Users\\shubh\\AppData\\Local\\Temp\\rust_mozprofilel1EDtg"
*** You are running in headless mode.
console.warn: service1700602397155	mozrunner::runner	INFO	Running command: "C:\\Program Files\\Mozilla Firefox\\firefox.exe" "--marionette" "-headless" "-no-remote" "-profile" "C:\\Users\\shubh\\AppData\\Local\\Temp\\rust_mozprofileCyYVRw"
*** You are running in headless mode.
console.warn: services.settings: Ignoring preference override of remote settings server
console.warn: services.settings: Allow by setting MOZ_REMOTE_SETTINGS_DEVTOOLS=1 in the environment
1700602397428	Marionette	INFO	Marionette enabled
Dynamically enJavaScript error: https://qcpi.questcdn.com/cdn/posting/?group=1950787&provider=1950787, line 891: ReferenceError: mmLoadMenus is not defined
JavaScript error: https://qcpi.questcdn.com/cdn/posting/?group=1950787&provider=1950787, line 915: ReferenceError: MM_preloadImages is nJavaScript error: https://qcpi.questcdn.com/cdn/posting/?group=1950787&provider=1950787, line 891: ReferenceError: mmLoadMenus is not defined
JavaScript error: https://qcpi.questcdn.com/cdn/posting/?group=1950787&provider=1950787, line 915: ReferenceError: MM_preloadImages is not defined
1700602429985	geckodriver	INFO	Listening on 127.0.0.1:56287
1700602433023	mozrunner::runner	INFO	Running command: "C:\\Program Files\\Mozilla Firefox\\firefox.exe" "--marionette" "-headless" "-no-remote" "-profile" "C:\\Users\\shubh\\AppData\\Local\\Temp\\rust_mozprofileGaFllt"
*** You are running in headless mode.
console.warn: services.settings: Ignoring preference override of remote settings server
console.warn: services.settings: Allow by setting MOZ_REMOTE_SETTINGS_DEVTOOLS=1 in the environment
1700602433297	Marionette	INFO	Marionette enabled
Dynamically enable window occlusion 0
1700602433376	Marionette	INFO	Listening on port 56298
Read port: 56298
1700602433625	RemoteAgent	WARN	TLS certificate errors will be ignored for this session
[GFX1-]: RenderCompositorSWGL failed mapping default framebuffer, no dt
console.error: ({})
JavaScript error: https://qcpi.questcdn.com/cdn/posting/?group=1950787&provider=1950787, line 891: ReferenceError: mmLoadMenus is not defined
JavaScript error: https://qcpi.questcdn.com/cdn/posting/?group=1950787&provider=1950787, line 915: ReferenceError: MM_preloadImages is not defined
1700602465549	addons.xpi	ERROR	System addon update list error SyntaxError: XMLHttpRequest.open: 'http://%(server)s/dummy-system-addons.xml' is not a valid URL.
1700602471297	Marionette	INFO	Stopped listening on port 56298
JavaScript warning: https://qcpi.questcdn.com/static/assets/js/scripts.js, line 4287: Script terminated by timeout at:
f/<@https://qcpi.questcdn.com/static/assets/js/scripts.js:4287:58

Dynamically enable window occlusion 1
ttings server
console.warn: services.settings: Allow by setting MOZ_REMOTE_SETTINGS_DEVTOOLS=1 in the environment
1700602443500	Marionette	INFO	Marionette enabled
Dynamically enable window occlusion 0
1700602443570	Marionette	INFO	Listening on port 56403
Read port: 56403
1700602443738	RemoteAgent	WARN	TLS certificate errors will be ignored for this session
[GFX1-]: RenderCompositorSWGL failJavaScript error: https://qcpi.questcdn.com/cdn/posting/?groJavaScript error: https://qcpi.questcdn.com/cdn/posting/?group=1950787&provider=1950787, line 891: ReferenceError: mmLoadMenus is not defined
JavaScript error: https://qcpi.questcdn.com/cdn/posting/?group=1950787&provider=1950787,1700602473806	addons.xpi	ERROR	System addon update list erro1700602475999	addons.xpi	ERROR	System addon update list error SyntaxError: XMLHttpRequest.open: 'http1700602479535	Marionette	INFO	Stopped listening on port 56381700602481746	Marionette	INFO	Stopped listening on port 56403
JavaScript warning: https://qcpi.questcdn.com/static/assets/js/scripts.js, line 4287: Script terminated by timeout at:
f/<@https://qcpi.questcdn.com/static/assets/js/scripts.js:4287:58

Dynamically enable window occlusion 1
1700602531401	geckodriver	INFO	Listening on 127.0.0.1:56532
1700602534446	mozrunner::runner	INFO	Running command: "C:\\P1700602535126	mozrunner::runner	INFO	Running command: "C:\\Program Files\\Mozilla Firefox\\firefox.exe" "--marionette" "-headless" "-no-remote" "-profile" "C:\\Users\\shubh\\AppData\\Local\\Temp\\rust_mozprofilekWNFAD"
*** You are running in headless mode.
console.warn: services.settings: Ignoring preference override of remote settings server
console.warn: services.settings: Allow by setting MOZ_REMOTE_SETTINGS_DEVTOOLS=1 in the environment
1700602535448	Marionette	INFO	Marionette enabled
Dynamically enable window occlusion 0
1700602535520	Marionette	INFO	Listening on port 56558
Read port: 56558
1700602535698	RemoteAgent	WARN	TLS certificate errors will be ignored for this session
[GFX1-]: Rendconsole.error: ({})
JavaScript error: https://qcpi.questcdn.com/cdn/posting/?groJavaScript error: https://qcpi.questcdn.com/cdn/posting/?group=1950787&provider=1950787, line 891: ReferenceError: mmLoadMenus is not defined
JavaScript error: https://qcpi.questcdn.com/cdn/posting/?group=1950787&provider=1950787,1700602565313	addons.xpi	ERROR	System addon update list erro1700602565960	addons.xpi	ERROR	System addon update list error SyntaxError: XMLHttpRequest.open: 'http1700602574949	Marionette	INFO	Stopped listening on port 56551700602575040	Marionette	INFO	Stopped listening on port 56558
JavaScript warning: https://qcpi.questcdn.com/static/assets/js/scripts.js, line 4287: Script terminated by timeout at:
f/<@httpsDynamically enable window occlusion 1
cripts.js:4287:58

Dynamically enable window occlusion 1
1700602687166	geckodriver	INFO	Listening on 127.0.0.1:56724
1700602690208	mozrunner::runner	INFO	Running command: "C:\\P1700602691416	mozrunner::runner	INFO	Running command: "C:\\Program Files\\Mozilla Firefox\\firefox.exe" "--marionette" "-headless" "-no-remote" "-profile" "C:\\Users\\shubh\\AppData\\Local\\Temp\\rust_mozprofilekNiYag"
*** You are running in headless mode.
console.warn: services.settings: Ignoring preference override of remote settings server
console.warn: services.settings: Allow by setting MOZ_REMOTE_SETTINGS_DEVTOOLS=1 in the environment
1700602691805	Marionette	INFO	Marionette enabled
Dynamically enable window occlusion 0
1700602691898	Marionette	INFO	Listening on port 56756
Read port: 56756
1700602692154	RemoteAgent	WARN	TLS certificate errors will be ignored for this session
[GFX1-]: RenderCompositorSWGL failJavaScript error: https://qcpi.questcdn.com/cdn/posting/?groJavaScript error: https://qcpi.questcdn.com/cdn/posting/?group=1950787&provider=1950787, line 891: ReferenceError: mmLoadMenus is not defined
JavaScript error: https://qcpi.questcdn.com/cdn/posting/?group=1950787&provider=1950787,1700602720791	addons.xpi	ERROR	System addon update list erro1700602721925	addons.xpi	ERROR	System addon update list error SyntaxError: XMLHttpRequest.open: 'http1700602729311	Marionette	INFO	Stopped listening on port 56741700602731053	Marionette	INFO	Stopped listening on port 56756
JavaScript warning: https://qcpi.questcdn.com/static/assets/js/scripts.js, line 4287: Script terminated by timeout at:
f/<@https://qcpi.questcdn.com/static/assets/js/scripts.js:4287:58

Dynamically enable window occlusion 1
1700602911454	geckodriver	INFO	Listening on 127.0.0.1:56985
1700602914523	mozrunner::runner	INFO	Running command: "C:\\Program Files\\Mozilla Firefox\\firefox.exe" "--marionette" "-headless" "-no-remote" "-profile" "C:\\Users\\shubh\\AppData\\Local\\Temp\\rust_mozprofileftG6RW"
*** You are running in headless mode.
console.warn: services.settings: Ignoring preference override of remote settings server
console.warn: services.settings: Allow by setting MOZ_REMOTE_SETTINGS_DEVTOOLS=1 in the environment
1700602914863	Marionette	INFO	Marionette enabled
Dynamically enable window occlusion 0
1700602914925	Marionette	INFO	Listening on port 56995
Read port: 56995
1700602915069	RemoteAgent	WARN	TLS certificate errors will be ignored for this session
[GFX1-]: RenderCompositorSWGL failed mapping default framebuffer, no dt
console.error: ({})
JavaScript error: https://qcpi.questcdn.com/cdn/posting/?group=1950787&provider=1950787, line 891: ReferenceError: mmLoadMenus is not defined
JavaScript error: https://qcpi.questcdn.com/cdn/posting/?group=1950787&provider=1950787, line 915: ReferenceError: MM_preloadImages is not defined
1700602945801	addons.xpi	ERROR	System addon update list error SyntaxError: XMLHttpRequest.open: 'http://%(server)s/dummy-system-addons.xml' is not a valid URL.
1700602953030	Marionette	INFO	Stopped listening on port 56995
JavaScript warning: https://qcpi.questcdn.com/static/assets/js/scripts.js, line 4287: Script terminated by timeout at:
f/<@https://qcpi.questcdn.com/static/assets/js/scripts.js:4287:58

Dynamically enable window occlusion 1
1700603206814	geckodriver	INFO	Listening on 127.0.0.1:60305
1700603209847	mozrunner::runner	INFO	Running command: "C:\\Program Files\\Mozilla Firefox\\firefox.exe" "--marionette" "-headless" "-no-remote" "-profile" "C:\\Users\\shubh\\AppData\\Local\\Temp\\rust_mozprofileqVJ60M"
*** You are running in headless mode.
console.warn: services.settings: Ignoring preference override of remote settings server
console.warn: services.settings: Allow by setting MOZ_REMOTE_SETTINGS_DEVTOOLS=1 in the environment
1700603210110	Marionette	INFO	Marionette enabled
Dynamically enable window occlusion 0
1700603210169	Marionette	INFO	Listening on port 60315
Read port: 60315
1700603210313	RemoteAgent	WARN	TLS certificate errors will be ignored for this session
[GFX1-]: RenderCompositorSWGL failed mapping default framebuffer, no dt
console.error: ({})
1700603217667	Marionette	INFO	Stopped listening on port 60315
JavaScript warning: https://qcpi.questcdn.com/static/assets/js/scripts.js, line 4287: Script terminated by timeout at:
f/<@https://qcpi.questcdn.com/static/assets/js/scripts.js:4287:58

JavaScript warning: https://static.hsappstatic.net/head-dlb/static-1.368/bundle.production.js, line 241: Script terminated by timeout at:
o@https://static.hsappstatic.net/head-dlb/static-1.368/bundle.production.js:241:79

Dynamically enable window occlusion 1
1700603237785	geckodriver	INFO	Listening on 127.0.0.1:60417
1700603240891	mozrunner::runner	INFO	Running command: "C:\\Program Files\\Mozilla Firefox\\firefox.exe" "--marionette" "-headless" "-no-remote" "-profile" "C:\\Users\\shubh\\AppData\\Local\\Temp\\rust_mozprofilewyrqzu"
*** You are running in headless mode.
console.warn: services.settings: Ignoring preference override of remote settings server
console.warn: services.settings: Allow by setting MOZ_REMOTE_SETTINGS_DEVTOOLS=1 in the environment
1700603241165	Marionette	INFO	Marionette enabled
Dynamically enable window occlusion 0
1700603241221	Marionette	INFO	Listening on port 60427
Read port: 60427
1700603241366	RemoteAgent	WARN	TLS certificate errors will be ignored for this session
[GFX1-]: RenderCompositorSWGL failed mapping default framebuffer, no dt
console.error: ({})
JavaScript error: https://qcpi.questcdn.com/cdn/posting/?group=1950787&provider=1950787, line 891: ReferenceError: mmLoadMenus is not defined
JavaScript error: https://qcpi.questcdn.com/cdn/posting/?group=1950787&provider=1950787, line 915: ReferenceError: MM_preloadImages is not defined
1700603273558	addons.xpi	ERROR	System addon update list error SyntaxError: XMLHttpRequest.open: 'http://%(server)s/dummy-system-addons.xml' is not a valid URL.
1700603279021	Marionette	INFO	Stopped listening on port 60427
JavaScript warning: https://qcpi.questcdn.com/static/assets/js/scripts.js, line 4287: Script terminated by timeout at:
f/<@https://qcpi.questcdn.com/static/assets/js/scripts.js:4287:58

Dynamically enable window occlusion 1
1700603495792	geckodriver	INFO	Listening on 127.0.0.1:60564
1700603498817	mozrunner::runner	INFO	Running command: "C:\\Program Files\\Mozilla Firefox\\firefox.exe" "--marionette" "-headless" "-no-remote" "-profile" "C:\\Users\\shubh\\AppData\\Local\\Temp\\rust_mozprofileoWQQE8"
*** You are running in headless mode.
console.warn: services.settings: Ignoring preference override of remote settings server
console.warn: services.settings: Allow by setting MOZ_REMOTE_SETTINGS_DEVTOOLS=1 in the environment
1700603499128	Marionette	INFO	Marionette enabled
Dynamically enable window occlusion 0
1700603499181	Marionette	INFO	Listening on port 60576
Read port: 60576
1700603499316	RemoteAgent	WARN	TLS certificate errors will be ignored for this session
[GFX1-]: RenderCompositorSWGL failed mapping default framebuffer, no dt
console.error: ({})
JavaScript error: https://qcpi.questcdn.com/cdn/posting/?group=1950787&provider=1950787, line 891: ReferenceError: mmLoadMenus is not defined
JavaScript error: https://qcpi.questcdn.com/cdn/posting/?group=1950787&provider=1950787, line 915: ReferenceError: MM_preloadImages is not defined
1700603530188	addons.xpi	ERROR	System addon update list error SyntaxError: XMLHttpRequest.open: 'http://%(server)s/dummy-system-addons.xml' is not a valid URL.
e" "--marionette" "-headless" "-no-remote" "-profile" "C:\\Users\\shubh\\AppData\\Local\\Temp\\rust_mozprofileqpHbyS"
*** You are running in headless mode.
console.warn: services.settings: Ignoring preference override of remote settings server
console.warn: services.settings: Allow by setting MOZ_REMOTE_SETTINGS_DEVTOOLS=1 in the environment
1700603508856	Marionette	INFO	Marionette enabled
Dynamically enable window occlusion 0
1700603508991	Marionette	INFO	Listening on port 60669
Read port: 60669
1700603509203	RemoteAgent	WARN	TLS certificate errors will be ignored for this session
[GFX1-]: RenderCompositorSWGL failed mapping default framebuffer, no dt
console.error: ({})
JavaScript error: https://qcpi.questcdn.com/cdn/posting/?group=1950787&provider=1950787, line 891: ReferenceError: mmLoadMenus is not defined
JavaScript error: https://qcpi.questcdn.com/cdn/posting/?group=1950787&provider=1950787, line 915: ReferenceError: MM_preloadImages is not defined
1700603540013	addons.xpi	ERROR	System addon update list error SyntaxError: XMLHttpRequest.open: 'http://%(server)s/dummy-system-addons.xml' is not a valid URL.
console.error: "Problem getting stored prefs for TopSites"
JavaScript error: , line 0: uncaught exception: null
console.error: "Problem getting stored prefs for TopSites"
JavaScript error: , line 0: uncaught exception: null
console.error: "Problem getting stored prefs for TopSites"
JavaScript error: , line 0: uncaught exception: null
console.error: "Problem getting stored prefs for TopSites"
JavaScript error: , line 0: uncaught exception: null
console.error: "Problem getting stored prefs for TopSites"
JavaScript error: , line 0: uncaught exception: null
console.warn: LoginRecipes: "Falling back to a synchronous message for: https://qcpi.questcdn.com."
console.warn: LoginRecipes: "Falling back to a synchronous message for: https://qcpi.questcdn.com."
JavaScript error: https://qcpi.questcdn.com/cdn/posting/?group=1950787&provider=1950787, line 891: ReferenceError: mmLoadMenus is not defined
JavaScript error: https://qcpi.questcdn.com/cdn/posting/?group=1950787&provider=1950787, line 915: ReferenceError: MM_preloadImages is not defined
console.error: "Problem getting stored prefs for TopSites"
JavaScript error: , line 0: uncaught exception: null
em addon update list error SyntaxError: XMLHttpRequest.open: 'http://%(server)s/dummy-system-addons.xml' is not a valid URL.
e" "--marionette" "-headless" "-no-remote" "-profile" "C:\\Users\\shubh\\AppData\\Local\\Temp\\rust_mozprofile1IEpW3"
*** You are running in headless mode.
console.warn: services.settings: Ignoring preference override of remote settings server
console.warn: services.settings: Allow by setting MOZ_REMOTE_SETTINGS_DEVTOOLS=1 in the environment
1700603564314	Marionette	INFO	Marionette enabled
Dynamically enable window occlusion 0
1700603564409	Marionette	INFO	Listening on port 60990
Read port: 60990
1700603564662	RemoteAgent	WARN	TLS certificate errors will be ignored for this session
[GFX1-]: RenderCompositorSWGL failed mapping default framebuffer, no dt
console.error: ({})
JavaScript error: https://qcpi.questcdn.com/cdn/posting/?group=1950787&provider=1950787, line 891: ReferenceError: mmLoadMenus is not defined
JavaScript error: https://qcpi.questcdn.com/cdn/posting/?group=1950787&provider=1950787, line 915: ReferenceError: MM_preloadImages is not defined
1700603595138	addons.xpi	ERROR	System addon update list error SyntaxError: XMLHttpRequest.open: 'http://%(server)s/dummy-system-addons.xml' is not a valid URL.
1700603627453	geckodriver	INFO	Listening on 127.0.0.1:61246
1700603630501	mozrunner::runner	INFO	Running command: "C:\\Program Files\\Mozilla Firefox\\firefox.exe" "--marionette" "-headless" "-no-remote" "-profile" "C:\\Users\\shubh\\AppData\\Local\\Temp\\rust_mozprofile0Ysf4p"
*** You are running in headless mode.
console.warn: services.settings: Ignoring preference override of remote settings server
console.warn: services.settings: Allow by setting MOZ_REMOTE_SETTINGS_DEVTOOLS=1 in the environment
1700603630972	Marionette	INFO	Marionette enabled
Dynamically enable window occlusion 0
1700603631039	Marionette	INFO	Listening on port 61259
Read port: 61259
1700603631188	RemoteAgent	WARN	TLS certificate errors will be ignored for this session
[GFX1-]: RenderCompositorSWGL failed mapping default framebuffer, no dt
console.error: ({})
console.error: (new TypeError("linkMap is undefined", "resource://gre/modules/NewTabUtils.sys.mjs", 2001))
JavaScript error: https://qcpi.questcdn.com/cdn/posting/?group=1950787&provider=1950787, line 891: ReferenceError: mmLoadMenus is not defined
JavaScript error: https://qcpi.questcdn.com/cdn/posting/?group=1950787&provider=1950787, line 915: ReferenceError: MM_preloadImages is not defined
1700603661905	addons.xpi	ERROR	System addon update list error SyntaxError: XMLHttpRequest.open: 'http://%(server)s/dummy-system-addons.xml' is not a valid URL.
e" "--marionette" "-headless" "-no-remote" "-profile" "C:\\Users\\shubh\\AppData\\Local\\Temp\\rust_mozprofilevhqrRQ"
*** You are running in headless mode.
console.warn: services.settings: Ignoring preference override of remote settings server
console.warn: services.settings: Allow by setting MOZ_REMOTE_SETTINGS_DEVTOOLS=1 in the environment
1700603641354	Marionette	INFO	Marionette enabled
Dynamically enable window occlusion 0
1700603641450	Marionette	INFO	Listening on port 61352
Read port: 61352
1700603641647	RemoteAgent	WARN	TLS certificate errors will be ignored for this session
[GFX1-]: RenderCompositorSWGL failed mapping default framebuffer, no dt
console.error: ({})
JavaScript error: https://qcpi.questcdn.com/cdn/posting/?group=1950787&provider=1950787, line 891: ReferenceError: mmLoadMenus is not defined
JavaScript error: https://qcpi.questcdn.com/cdn/posting/?group=1950787&provider=1950787, line 915: ReferenceError: MM_preloadImages is not defined
1700603651044	Marionette	INFO	Stopped listening on port 61354
JavaScript warning: https://qcpi.questcdn.com/static/assets/plugins/slider.revolution/js/jquery.themepunch.tools.min.js, line 59: Script terminated by timeout at:
d@https://qcpi.questcdn.com/static/assets/plugins/Dynamically enable window occlusion 1
tools.min.js:59:3290

Dynamically enable window occlusion 1
.1.1/jquery.min.js:3:27519
n.fx.tick@https://ajax.googleapis.com/ajax/libs/jquery/2.1.1/jquery.min.js:3:30693

Dynamically enable window occlusion 1
1700603711686	geckodriver	INFO	Listening on 127.0.0.1:61562
1700603714747	mozrunner::runner	INFO	Running command: "C:\\Program Files\\Mozilla Firefox\\firefox.exe" "--marionette" "-headless" "-no-remote" "-profile" "C:\\Users\\shubh\\AppData\\Local\\Temp\\rust_mozprofiledcjoFU"
*** You are running in headless mode.
console.warn: services.settings: Ignoring preference override of remote settings server
console.warn: services.settings: Allow by setting MOZ_REMOTE_SETTINGS_DEVTOOLS=1 in the environment
1700603715159	Marionette	INFO	Marionette enabled
Dynamically enable window occlusion 0
1700603715224	Marionette	INFO	Listening on port 61573
Read port: 61573
1700603715386	RemoteAgent	WARN	TLS certificate errors will be ignored for this session
[GFX1-]: RenderCompositorSWGL failed mapping default framebuffer, no dt
console.error: ({})
JavaScript error: https://qcpi.questcdn.com/cdn/posting/?group=1950787&provider=1950787, line 891: ReferenceError: mmLoadMenus is not defined
JavaScript error: https://qcpi.questcdn.com/cdn/posting/?group=1950787&provider=1950787, line 915: ReferenceError: MM_preloadImages is not defined
1700603747347	addons.xpi	ERROR	System addon update list error SyntaxError: XMLHttpRequest.open: 'http://%(server)s/dummy-system-addons.xml' is not a valid URL.
e" "--marionette" "-headless" "-no-remote" "-profile" "C:\\Users\\shubh\\AppData\\Local\\Temp\\rust_mozprofilejKLO3X"
*** You are running in headless mode.
console.warn: services.settings: Ignoring preference override of remote settings server
console.warn: services.settings: Allow by setting MOZ_REMOTE_SETTINGS_DEVTOOLS=1 in the environment
1700603724497	Marionette	INFO	Marionette enabled
Dynamically enable window occlusion 0
1700603724607	Marionette	INFO	Listening on port 61666
Read port: 61666
1700603724800	RemoteAgent	WARN	TLS certificate errors will be ignored for this session
[GFX1-]: RenderCompositorSWGL failed mapping default framebuffer, no dt
console.error: ({})
JavaScript error: https://qcpi.questcdn.com/cdn/posting/?group=1950787&provider=1950787, line 891: ReferenceError: mmLoadMenus is not defined
JavaScript error: https://qcpi.questcdn.com/cdn/posting/?group=1950787&provider=1950787, line 915: ReferenceError: MM_preloadImages is not defined
1700603736879	Marionette	INFO	Stopped listening on port 61666
JavaScript warning: https://qcpi.questcdn.com/static/assets/js/scripts.js, line 4287: Script terminated by timeout at:
f/<@https://qcpi.questcdn.com/static/assets/js/scripts.js:4287:58

Dynamically enable window occlusion 1
1700603805997	geckodriver	INFO	Listening on 127.0.0.1:61914
1700603809030	mozrunner::runner	INFO	Running command: "C:\\Program Files\\Mozilla Firefox\\firefox.exe" "--marionette" "-headless" "-no-remote" "-profile" "C:\\Users\\shubh\\AppData\\Local\\Temp\\rust_mozprofilem9FCzV"
*** You are running in headless mode.
console.warn: services.settings: Ignoring preference override of remote settings server
console.warn: services.settings: Allow by setting MOZ_REMOTE_SETTINGS_DEVTOOLS=1 in the environment
1700603809429	Marionette	INFO	Marionette enabled
Dynamically enable window occlusion 0
1700603809504	Marionette	INFO	Listening on port 61924
Read port: 61924
1700603809671	RemoteAgent	WARN	TLS certificate errors will be ignored for this session
[GFX1-]: RenderCompositorSWGL failed mapping default framebuffer, no dt
console.error: ({})
JavaScript error: https://qcpi.questcdn.com/cdn/posting/?group=1950787&provider=1950787, line 891: ReferenceError: mmLoadMenus is not defined
JavaScript error: https://qcpi.questcdn.com/cdn/posting/?group=1950787&provider=1950787, line 915: ReferenceError: MM_preloadImages is not defined
1700603858224	geckodriver	INFO	Listening on 127.0.0.1:61991
1700603861293	mozrunner::runner	INFO	Running command: "C:\\Program Files\\Mozilla Firefox\\firefox.exe" "--marionette" "-headless" "-no-remote" "-profile" "C:\\Users\\shubh\\AppData\\Local\\Temp\\rust_mozprofileR7b4qf"
*** You are running in headless mode.
console.warn: services.settings: Ignoring preference override of remote settings server
console.warn: services.settings: Allow by setting MOZ_REMOTE_SETTINGS_DEVTOOLS=1 in the environment
1700603861575	Marionette	INFO	Marionette enabled
Dynamically enable window occlusion 0
1700603861633	Marionette	INFO	Listening on port 62002
Read port: 62002
1700603861777	RemoteAgent	WARN	TLS certificate errors will be ignored for this session
[GFX1-]: RenderCompositorSWGL failed mapping default framebuffer, no dt
console.error: ({})
JavaScript error: https://qcpi.questcdn.com/cdn/posting/?group=1950787&provider=1950787, line 891: ReferenceError: mmLoadMenus is not defined
JavaScript error: https://qcpi.questcdn.com/cdn/posting/?group=1950787&provider=1950787, line 915: ReferenceError: MM_preloadImages is not defined
1700603892024	addons.xpi	ERROR	System addon update list error SyntaxError: XMLHttpRequest.open: 'http://%(server)s/dummy-system-addons.xml' is not a valid URL.
e" "--marionette" "-headless" "-no-remote" "-profile" "C:\\Users\\shubh\\AppData\\Local\\Temp\\rust_mozprofile0qOyFB"
*** You are running in headless mode.
console.warn: services.settings: Ignoring preference override of remote settings server
console.warn: services.settings: Allow by setting MOZ_REMOTE_SETTINGS_DEVTOOLS=1 in the environment
1700603871268	Marionette	INFO	Marionette enabled
Dynamically enable window occlusion 0
1700603871366	Marionette	INFO	Listening on port 62092
Read port: 62092
1700603871556	RemoteAgent	WARN	TLS certificate errors will be ignored for this session
[GFX1-]: RenderCompositorSWGL failed mapping default framebuffer, no dt
console.error: ({})
JavaScript error: https://qcpi.questcdn.com/cdn/posting/?group=1950787&provider=1950787, line 891: ReferenceError: mmLoadMenus is not defined
JavaScript error: https://qcpi.questcdn.com/cdn/posting/?group=1950787&provider=1950787, line 915: ReferenceError: MM_preloadImages is not defined
1700603884424	Marionette	INFO	Stopped listening on port 62093
JavaScript warning: https://qcpi.questcdn.com/static/assets/js/scripts.js, line 4287: Script terminated by timeout at:
f/<@https://qcpi.questcdn.com/static/assets/js/scripts.js:4287:58

Dynamically enable window occlusion 1
1700604032857	geckodriver	INFO	Listening on 127.0.0.1:62315
1700604038705	geckodriver	INFO	Listening on 127.0.0.1:62325
1700604041763	mozrunner::runner	INFO	Running command: "C:\\Program Files\\Mozilla Firefox\\firefox.exe" "--marionette" "-headless" "-no-remote" "-profile" "C:\\Users\\shubh\\AppData\\Local\\Temp\\rust_mozprofilecnJoGH"
*** You are running in headless mode.
console.warn: services.settings: Ignoring preference override of remote settings server
console.warn: services.settings: Allow by setting MOZ_REMOTE_SETTINGS_DEVTOOLS=1 in the environment
1700604042056	Marionette	INFO	Marionette enabled
Dynamically enable window occlusion 0
1700604042112	Marionette	INFO	Listening on port 62335
Read port: 62335
1700604042262	RemoteAgent	WARN	TLS certificate errors will be ignored for this session
[GFX1-]: RenderCompositorSWGL failed mapping default framebuffer, no dt
console.error: ({})
JavaScript error: https://qcpi.questcdn.com/cdn/posting/?group=1950787&provider=1950787, line 891: ReferenceError: mmLoadMenus is not defined
JavaScript error: https://qcpi.questcdn.com/cdn/posting/?group=1950787&provider=1950787, line 915: ReferenceError: MM_preloadImages is not defined
1700604050741	Marionette	INFO	Stopped listening on port 62335
JavaScript warning: https://qcpi.questcdn.com/static/assets/js/scripts.js, line 4269: Script terminated by timeout at:
checkAll@https://qcpi.questcdn.com/static/assets/js/scripts.js:4269:988

Dynamically enable window occlusion 1
1700604051689	geckodriver	INFO	Listening on 127.0.0.1:62399
1700604054723	mozrunner::runner	INFO	Running command: "C:\\Program Files\\Mozilla Firefox\\firefox.exe" "--marionette" "-headless" "-no-remote" "-profile" "C:\\Users\\shubh\\AppData\\Local\\Temp\\rust_mozprofile3NmHJF"
*** You are running in headless mode.
console.warn: services.settings: Ignoring preference override of remote settings server
console.warn: services.settings: Allow by setting MOZ_REMOTE_SETTINGS_DEVTOOLS=1 in the environment
1700604055133	Marionette	INFO	Marionette enabled
Dynamically enable window occlusion 0
1700604055255	Marionette	INFO	Listening on port 62447
Read port: 62446
1700604055528	RemoteAgent	WARN	TLS certificate errors will be ignored for this session
[GFX1-]: RenderCompositorSWGL failed mapping default framebuffer, no dt
console.error: ({})
JavaScript error: https://qcpi.questcdn.com/cdn/posting/?group=1950787&provider=1950787, line 891: ReferenceError: mmLoadMenus is not defined
JavaScript error: https://qcpi.questcdn.com/cdn/posting/?group=1950787&provider=1950787, line 915: ReferenceError: MM_preloadImages is not defined
1700604088289	addons.xpi	ERROR	System addon update list error SyntaxError: XMLHttpRequest.open: 'http://%(server)s/dummy-system-addons.xml' is not a valid URL.
console.error: "Problem getting stored prefs for TopSites"
JavaScript error: , line 0: uncaught exception: null
console.error: "Problem getting stored prefs for TopSites"
JavaScript error: , line 0: uncaught exception: null
console.error: "Problem getting stored prefs for TopSites"
JavaScript error: , line 0: uncaught exception: null
console.error: "Problem getting stored prefs for TopSites"
JavaScript error: , line 0: uncaught exception: null
console.error: "Problem getting stored prefs for TopSites"
JavaScript error: , line 0: uncaught exception: null
console.error: "Problem getting stored prefs for TopSites"
JavaScript error: , line 0: uncaught exception: null
emoteAgent	WARN	TLS certificate errors will be ignored for this session
[GFX1-]: RenderCompositorSWGL failed mapping default framebuffer, no dt
console.error: ({})
JavaScript error: https://qcpi.questcdn.com/cdn/posting/?group=1950787&provider=1950787, line 891: ReferenceError: mmLoadMenus is not defined
JavaScript error: https://qcpi.questcdn.com/cdn/posting/?group=1950787&provider=1950787, line 915: ReferenceError: MM_preloadImages is not defined
1700604165129	Marionette	INFO	Stopped listening on port 62808
JavaScript warning: https://qcpi.questcdn.com/static/assets/js/scripts.js, line 4281: Script terminated by timeout at:
easeOutQuad@https://qcpi.questcdn.com/static/assets/js/scripts.js:4281:275
swing@https://qcpi.questcdn.com/static/assets/js/scripts.js:4281:154
run@https://ajax.googleapis.com/ajax/libs/jquery/2.1.1/jquery.min.js:3:24068
i@https://ajax.googleapis.com/ajax/libs/jquery/2.1.1/jquery.min.js:3:27519
n.fx.tick@https://ajax.googleapis.com/ajax/libs/jquery/2.1.1/jquery.min.js:3:30693

Dynamically enable window occlusion 1
1700604165902	geckodriver	INFO	Listening on 127.0.0.1:62869
1700604168922	mozrunner::runner	INFO	Running command: "C:\\Program Files\\Mozilla Firefox\\firefox.exe" "--marionette" "-headless" "-no-remote" "-profile" "C:\\Users\\shubh\\AppData\\Local\\Temp\\rust_mozprofilege4l7A"
*** You are running in headless mode.
console.warn: services.settings: Ignoring preference override of remote settings server
console.warn: services.settings: Allow by setting MOZ_REMOTE_SETTINGS_DEVTOOLS=1 in the environment
1700604169362	Marionette	INFO	Marionette enabled
Dynamically enable window occlusion 0
1700604169510	Marionette	INFO	Listening on port 62923
Read port: 62923
1700604169822	RemoteAgent	WARN	TLS certificate errors will be ignored for this session
[GFX1-]: RenderCompositorSWGL failed mapping default framebuffer, no dt
console.error: ({})
JavaScript error: https://qcpi.questcdn.com/cdn/posting/?group=1950787&provider=1950787, line 891: ReferenceError: mmLoadMenus is not defined
JavaScript error: https://qcpi.questcdn.com/cdn/posting/?group=1950787&provider=1950787, line 915: ReferenceError: MM_preloadImages is not defined
1700604201579	addons.xpi	ERROR	System addon update list error SyntaxError: XMLHttpRequest.open: 'http://%(server)s/dummy-system-addons.xml' is not a valid URL.
console.error: "Problem getting stored prefs for TopSites"
JavaScript error: , line 0: uncaught exception: null
console.error: "Problem getting stored prefs for TopSites"
JavaScript error: , line 0: uncaught exception: consolconsole.error: "Problem getting stored prefs for TopSites"
JavaScript error: , line 0: uncaught exception: consolconsole.error: "Problem getting stored prefs for TopSites"
JavaScript error: , line 0: uncaught exception: consolconsole.error: "Problem getting stored prefs for TopSites"
JavaScript error: , line 0: uncaught exception: consolconsole.error: "Problem getting stored prefs for TopSites"
JavaScript error: , line 0: uncaught exception: null
console.error: "Problem getting stored prefs for TopSites"
JavaScript error: , line 0: uncaught exception: console.error: "Problem getting stored prefs for TopSites"
JavaScript error: , line 0: uncaught exception: null
Error: mmLoadMenus is not defined
JavaScript error: https://qcpi.questcdn.com/cdn/posting/?group=1950787&provider=1950787, line 915: ReferenceError: MM_preloadImages is not defined
1700604209991	Marionette	INFO	Stopped listening on port 63251
JavaScript warning: https://qcpi.questcdn.com/static/assets/plugins/slider.revolution/js/jquery.themepunch.tools.min.js, line 59: Script terminated by timeout at:
d@https://qcpi.questcdn.com/static/assets/plugins/slider.revolution/js/jquery.themepunch.tools.min.js:59:3290

Dynamically enable window occlusion 1
1700604210979	geckodriver	INFO	Listening on 127.0.0.1:63318
1700604214020	mozrunner::runner	INFO	Running command: "C:\\Program Files\\Mozilla Firefox\\firefox.exe" "--marionette" "-headless" "-no-remote" "-profile" "C:\\Users\\shubh\\AppData\\Local\\Temp\\rust_mozprofilehyTbsv"
*** You are running in headless mode.
console.warn: services.settings: Ignoring preference override of remote settings server
console.warn: services.settings: Allow by setting MOZ_REMOTE_SETTINGS_DEVTOOLS=1 in the environment
1700604214508	Marionette	INFO	Marionette enabled
Dynamically enable window occlusion 0
1700604214683	Marionette	INFO	Listening on port 63371
Read port: 63370
1700604215015	RemoteAgent	WARN	TLS certificate errors will be ignored for this session
[GFX1-]: RenderCompositorSWGL failed mapping default framebuffer, no dt
console.error: ({})
JavaScript error: https://qcpi.questcdn.com/cdn/posting/?group=1950787&provider=1950787, line 891: ReferenceError: mmLoadMenus is not defined
JavaScript error: https://qcpi.questcdn.com/cdn/posting/?group=1950787&provider=1950787, line 915: ReferenceError: MM_preloadImages is not defined
1700604230784	Marionette	INFO	Stopped listening on port 63367
Dynamically enable window occlusion 1
dn.com/static/assets/js/scripts.js, line 4287: Script terminated by timeout at:
f/<@https://qcpi.questcdn.com/static/assets/js/scripts.js:4287:58

Dynamically enable window occlusion 1
1700604348305	geckodriver	INFO	Listening on 127.0.0.1:63737
1700604351345	mozrunner::runner	INFO	Running command: "C:\\Program Files\\Mozilla Firefox\\firefox.exe" "--marionette" "-headless" "-no-remote" "-profile" "C:\\Users\\shubh\\AppData\\Local\\Temp\\rust_mozprofileAantpx"
*** You are running in headless mode.
console.warn: services.settings: Ignoring preference override of remote settings server
console.warn: services.settings: Allow by setting MOZ_REMOTE_SETTINGS_DEVTOOLS=1 in the environment
1700604351727	Marionette	INFO	Marionette enabled
Dynamically enable window occlusion 0
1700604351792	Marionette	INFO	Listening on port 63747
Read port: 63747
1700604351955	RemoteAgent	WARN	TLS certificate errors will be ignored for this session
[GFX1-]: RenderCompositorSWGL failed mapping default framebuffer, no dt
console.error: ({})
JavaScript error: https://qcpi.questcdn.com/cdn/posting/?group=1950787&provider=1950787, line 891: ReferenceError: mmLoadMenus is not defined
JavaScript error: https://qcpi.questcdn.com/cdn/posting/?group=1950787&provider=1950787, line 915: ReferenceError: MM_preloadImages is not defined
1700604357396	Marionette	INFO	Stopped listening on port 63747
JavaScript warning: https://ajax.googleapis.com/ajax/libs/jquery/2.1.1/jquery.min.js, line 3: Script terminated by timeout at:
n.fx.tick@https://ajax.googleapis.com/ajax/libs/jquery/2.1.1/jquery.min.js:3:30671

Dynamically enable window occlusion 1
1700604358759	geckodriver	INFO	Listening on 127.0.0.1:63812
1700604361808	mozrunner::runner	INFO	Running command: "C:\\Program Files\\Mozilla Firefox\\firefox.exe" "--marionette" "-headless" "-no-remote" "-profile" "C:\\Users\\shubh\\AppData\\Local\\Temp\\rust_mozprofilem9rGxO"
*** You are running in headless mode.
console.warn: services.settings: Ignoring preference override of remote settings server
console.warn: services.settings: Allow by setting MOZ_REMOTE_SETTINGS_DEVTOOLS=1 in the environment
1700604362276	Marionette	INFO	Marionette enabled
Dynamically enable window occlusion 0
1700604362406	Marionette	INFO	Listening on port 63863
Read port: 63864
1700604362715	RemoteAgent	WARN	TLS certificate errors will be ignored for this session
[GFX1-]: RenderCompositorSWGL failed mapping default framebuffer, no dt
console.error: ({})
JavaScript error: https://qcpi.questcdn.com/cdn/posting/?group=1950787&provider=1950787, line 891: ReferenceError: mmLoadMenus is not defined
JavaScript error: https://qcpi.questcdn.com/cdn/posting/?group=1950787&provider=1950787, line 915: ReferenceError: MM_preloadImages is not defined
1700604394245	addons.xpi	ERROR	System addon update list error SyntaxError: XMLHttpRequest.open: 'http://%(server)s/dummy-system-addons.xml' is not a valid URL.
console.error: "Problem getting stored prefs for TopSites"
JavaScript error: , line 0: uncaught exception: null
console.error: "Problem getting stored prefs for TopSites"
JavaScript error: , line 0: uncaught exception: null
console.error: "Problem getting stored prefs for TopSites"
JavaScript error: , line 0: uncaught exception: null
console.error: "Problem getting stored prefs for TopSites"
JavaScript error: , line 0: uncaught exception: null
console.error: "Problem getting stored prefs for TopSites"
JavaScript error: , line 0: uncaught exception: null
console.error: "Problem getting stored prefs for TopSites"
JavaScript error: , line 0: uncaught exception: null
emoteAgent	WARN	TLS certificate errors will be ignored for this session
[GFX1-]: RenderCompositorSWGL failed mapping default framebuffer, no dt
console.error: ({})
JavaScript error: https://qcpi.questcdn.com/cdn/posting/?group=1950787&provider=1950787, line 891: ReferenceError: mmLoadMenus is not defined
JavaScript error: https://qcpi.questcdn.com/cdn/posting/?group=1950787&provider=1950787, line 915: ReferenceError: MM_preloadImages is not defined
1700604498692	Marionette	INFO	Stopped listening on port 64230
JavaScript warning: https://qcpi.questcdn.com/static/assets/plugins/slider.revolution/js/jquery.themepunch.tools.min.js, line 59: Script terminated by timeout at:
d@https://qcpi.questcdn.com/static/assets/plugins/slider.revolution/js/jquery.themepunch.tools.min.js:59:3290

Dynamically enable window occlusion 1
1700604499690	geckodriver	INFO	Listening on 127.0.0.1:64296
1700604502735	mozrunner::runner	INFO	Running command: "C:\\Program Files\\Mozilla Firefox\\firefox.exe" "--marionette" "-headless" "-no-remote" "-profile" "C:\\Users\\shubh\\AppData\\Local\\Temp\\rust_mozprofileNWWPWl"
*** You are running in headless mode.
console.warn: services.settings: Ignoring preference override of remote settings server
console.warn: services.settings: Allow by setting MOZ_REMOTE_SETTINGS_DEVTOOLS=1 in the environment
1700604503263	Marionette	INFO	Marionette enabled
Dynamically enable window occlusion 0
1700604503376	Marionette	INFO	Listening on port 64350
Read port: 64349
1700604503920	RemoteAgent	WARN	TLS certificate errors will be ignored for this session
[GFX1-]: RenderCompositorSWGL failed mapping default framebuffer, no dt
console.error: ({})
JavaScript error: https://qcpi.questcdn.com/cdn/posting/?group=1950787&provider=1950787, line 891: ReferenceError: mmLoadMenus is not defined
JavaScript error: https://qcpi.questcdn.com/cdn/posting/?group=1950787&provider=1950787, line 915: ReferenceError: MM_preloadImages is not defined
1700604533974	addons.xpi	ERROR	System addon update list error SyntaxError: XMLHttpRequest.open: 'http://%(server)s/dummy-system-addons.xml' is not a valid URL.
console.error: "Problem getting stored prefs for TopSites"
JavaScript error: , line 0: uncaught exception: null
console.error: "Problem getting stored prefs for TopSites"
JavaScript error: , line 0: uncaught exception: consolconsole.error: "Problem getting stored prefs for TopSites"
JavaScript error: , line 0: uncaught exception: null
console.error: "Problem getting stored prefs for TopSites"
JavaScript error: , line 0: uncaught exception: consolconsole.error: "Problem getting stored prefs for TopSites"
JavaScript error: , line 0: uncaught exception: consolconsole.error: "Problem getting stored prefs for TopSites"
JavaScript error: , line 0: uncaught exception: consolconsole.error: "Problem getting stored prefs for TopSites"
JavaScript error: , line 0: uncaught exception: console.error: "Problem getting stored prefs for TopSites"
JavaScript error: , line 0: uncaught exception: null
Error: mmLoadMenus is not defined
JavaScript error: https://qcpi.questcdn.com/cdn/posting/?group=1950787&provider=1950787, line 915: ReferenceError: MM_preloadImages is not defined
1700604538500	Marionette	INFO	Stopped listening on port 64676
JavaScript warning: https://ajax.googleapis.com/ajax/libs/jquery/2.1.1/jquery.min.js, line 3: Script terminated by timeout at:
i@https://ajax.googleapis.com/ajax/libs/jquery/2.1.1/jquery.min.js:3:27499
n.fx.tick@https://ajax.googleapis.com/ajax/libs/jquery/2.1.1/jquery.min.js:3:30693

Dynamically enable window occlusion 1
1700604539488	geckodriver	INFO	Listening on 127.0.0.1:64751
1700604542519	mozrunner::runner	INFO	Running command: "C:\\Program Files\\Mozilla Firefox\\firefox.exe" "--marionette" "-headless" "-no-remote" "-profile" "C:\\Users\\shubh\\AppData\\Local\\Temp\\rust_mozprofile04Z27N"
*** You are running in headless mode.
console.warn: services.settings: Ignoring preference override of remote settings server
console.warn: services.settings: Allow by setting MOZ_REMOTE_SETTINGS_DEVTOOLS=1 in the environment
1700604543063	Marionette	INFO	Marionette enabled
Dynamically enable window occlusion 0
1700604543279	Marionette	INFO	Listening on port 64805
Read port: 64805
1700604543570	RemoteAgent	WARN	TLS certificate errors will be ignored for this session
[GFX1-]: RenderCompositorSWGL failed mapping default framebuffer, no dt
console.error: ({})
JavaScript error: https://qcpi.questcdn.com/cdn/posting/?group=1950787&provider=1950787, line 891: ReferenceError: mmLoadMenus is not defined
JavaScript error: https://qcpi.questcdn.com/cdn/posting/?group=1950787&provider=1950787, line 915: ReferenceError: MM_preloadImages is not defined
1700604575582	addons.xpi	ERROR	System addon update list erro1700604575968	mozrunner::runner	INFO	Running command: "C:\\Program Files\\Mozilla Firefox\\firefox.exconsole.error: "Problem getting stored prefs for TopSites"
JavaScript error: , line 0: uncaught exception: null
console.error: "Problem getting stored prefs for TopSites"
JavaScript error: , line 0: uncaught exception: null
console.error: "Problem getting stored prefs for TopSites"
JavaScript error: , line 0: uncaught exception: null
console.error: "Problem getting stored prefs for TopSites"
JavaScript error: , line 0: uncaught exception: null
console.error: "Problem getting stored prefs for TopSites"
JavaScript error: , line 0: uncaught exception: null
console.error: "Problem getting stored prefs for TopSites"
JavaScript error: , line 0: uncaught exception: null
console.error: "Problem getting stored prefs for TopSites"
JavaScript error: , line 0: uncaught exception: null
Error: mmLoadMenus is not defined
JavaScript error: https://qcpi.questcdn.com/cdn/posting/?group=1950787&provider=1950787, line 915: ReferenceError: MM_preloadImages is not defined
[GFX1-]: wr_renderer_render: OutOfMemory
[GFX1-]: Handling webrender error 2
[GFX1-]: Fallback SW-WR + D3D11 to SW-WR
[GFX1-]: wr_renderer_render: OutOfMemory
1700604584547	Marionette	INFO	Stopped listening on port 65132
JavaScript warning: https://qcpi.questcdn.com/static/assets/plugins/slider.revolution/js/jquery.themepunch.tools.min.js, line 59: Script terminated by timeout at:
d@https://qcpi.questcdn.com/static/assets/plugins/slider.revolution/js/jquery.themepunch.tools.min.js:59:3290

[GFX1-]: Failed to connect WebRenderBridgeChild. isParent=false
[GFX1-]: IPC Channel is already torn down unexpectedly

Dynamically enable window occlusion 1
1700604585584	geckodriver	INFO	Listening on 127.0.0.1:65196
1700604588623	mozrunner::runner	INFO	Running command: "C:\\Program Files\\Mozilla Firefox\\firefox.exe" "--marionette" "-headless" "-no-remote" "-profile" "C:\\Users\\shubh\\AppData\\Local\\Temp\\rust_mozprofilea8GxcS"
*** You are running in headless mode.
console.warn: services.settings: Ignoring preference override of remote settings server
console.warn: services.settings: Allow by setting MOZ_REMOTE_SETTINGS_DEVTOOLS=1 in the environment
1700604589055	Marionette	INFO	Marionette enabled
Dynamically enable window occlusion 0
1700604589173	Marionette	INFO	Listening on port 65250
Read port: 65249
1700604589468	RemoteAgent	WARN	TLS certificate errors will be ignored for this session
[GFX1-]: RenderCompositorSWGL failed mapping default framebuffer, no dt
console.error: ({})
JavaScript error: https://qcpi.questcdn.com/cdn/posting/?group=1950787&provider=1950787, line 891: ReferenceError: mmLoadMenus is not defined
JavaScript error: https://qcpi.questcdn.com/cdn/posting/?group=1950787&provider=1950787, line 915: ReferenceError: MM_preloadImages is not defined
1700604603191	Marionette	INFO	Stopped listening on port 65247
JavaScript warning: https://qcpi.questcdn.com/static/assets/js/scripts.js, line 4287: Script terminated by timeout at:
e.prototype.scrollCallback@https://qcpi.questcdn.com/static/assets/js/scripts.js:4287:6473
f/<@https://qcpi.questcdn.com/static/assets/js/scripts.js:4287:70

Dynamically enable window occlusion 1
console.error: (new Error("SessionFile is closed", "resource:///modules/sessionstore/SessionFile.sys.mjs", 370))
sICertOverrideService.setDisableAllSecurityChecksAndLetAttackersInterceptMyData]
 Files\Mozilla Firefox\firefox.exe +0x2fe08]
#08: BaseThreadInitThunk[C:\WINDOWS\System32\KERNEL32.DLL +0x1257d]
#09: ???[C:\WINDOWS\SYSTEM32\ntdll.dll +0x5aa58]
A content process crashed and MOZ_CRASHREPORTER_SHUTDOWN is set, shutting down
1700604594146	Marionette	INFO	Stopped listening on port 65246
Dynamically enable window occlusion 1
A content process crashed and MOZ_CRASHREPORTER_SHUTDOWN is set, shutting down
1700604677400	geckodriver	INFO	Listening on 127.0.0.1:65395
1700604680466	mozrunner::runner	INFO	Running command: "C:\\Program Files\\Mozilla Firefox\\firefox.exe" "--marionette" "-headless" "-no-remote" "-profile" "C:\\Users\\shubh\\AppData\\Local\\Temp\\rust_mozprofilehR418B"
*** You are running in headless mode.
console.warn: services.settings: Ignoring preference override of remote settings server
console.warn: services.settings: Allow by setting MOZ_REMOTE_SETTINGS_DEVTOOLS=1 in the environment
1700604680868	Marionette	INFO	Marionette enabled
Dynamically enable window occlusion 0
1700604680935	Marionette	INFO	Listening on port 65406
Read port: 65406
1700604681108	RemoteAgent	WARN	TLS certificate errors will be ignored for this session
[GFX1-]: RenderCompositorSWGL failed mapping default framebuffer, no dt
console.error: ({})
JavaScript error: https://qcpi.questcdn.com/cdn/posting/?group=1950787&provider=1950787, line 891: ReferenceError: mmLoadMenus is not defined
JavaScript error: https://qcpi.questcdn.com/cdn/posting/?group=1950787&provider=1950787, line 915: ReferenceError: MM_preloadImages is not defined
1700604686684	Marionette	INFO	Stopped listening on port 65406
JavaScript warning: https://qcpi.questcdn.com/static/assets/js/scripts.js, line 4281: Script terminated by timeout at:
easeOutQuad@https://qcpi.questcdn.com/static/assets/js/scripts.js:4281:275
swing@https://qcpi.questcdn.com/static/assets/js/scripts.js:4281:154
run@https://ajax.googleapis.com/ajax/libs/jquery/2.1.1/jquery.min.js:3:24068
i@https://ajax.googleapis.com/ajax/libs/jquery/2.1.1/jquery.min.js:3:27519
n.fx.tick@https://ajax.googleapis.com/ajax/libs/jquery/2.1.1/jquery.min.js:3:30693

Dynamically enable window occlusion 1
1700604687698	geckodriver	INFO	Listening on 127.0.0.1:65469
1700604690706	mozrunner::runner	INFO	Running command: "C:\\Program Files\\Mozilla Firefox\\firefox.exe" "--marionette" "-headless" "-no-remote" "-profile" "C:\\Users\\shubh\\AppData\\Local\\Temp\\rust_mozprofile3F8k8L"
*** You are running in headless mode.
console.warn: services.settings: Ignoring preference override of remote settings server
console.warn: services.settings: Allow by setting MOZ_REMOTE_SETTINGS_DEVTOOLS=1 in the environment
1700604691272	Marionette	INFO	Marionette enabled
Dynamically enable window occlusion 0
1700604691418	Marionette	INFO	Listening on port 65524
Read port: 65524
1700604691770	RemoteAgent	WARN	TLS certificate errors will be ignored for this session
[GFX1-]: RenderCompositorSWGL failed mapping default framebuffer, no dt
console.error: ({})
JavaScript error: https://qcpi.questcdn.com/cdn/posting/?group=1950787&provider=1950787, line 891: ReferenceError: mmLoadMenus is not defined
JavaScript error: https://qcpi.questcdn.com/cdn/posting/?group=1950787&provider=1950787, line 915: ReferenceError: MM_preloadImages is not defined
1700604707586	Marionette	INFO	Stopped listening on port 65525
JavaScript warning: https://qcpi.questcdn.com/static/assets/js/scripts.js, line 4287: Script terminated by timeout at:
f/<@https://qcpi.questcdn.com/static/assets/js/scripts.js:4287:58

Dynamically enable window occlusion 1
1700604913518	geckodriver	INFO	Listening on 127.0.0.1:49909
1700604916569	mozrunner::runner	INFO	Running command: "C:\\Program Files\\Mozilla Firefox\\firefox.exe" "--marionette" "-headless" "-no-remote" "-profile" "C:\\Users\\shubh\\AppData\\Local\\Temp\\rust_mozprofilef6HCju"
*** You are running in headless mode.
console.warn: services.settings: Ignoring preference override of remote settings server
console.warn: services.settings: Allow by setting MOZ_REMOTE_SETTINGS_DEVTOOLS=1 in the environment
1700604917035	Marionette	INFO	Marionette enabled
Dynamically enable window occlusion 0
1700604917128	Marionette	INFO	Listening on port 49919
Read port: 49919
1700604917368	RemoteAgent	WARN	TLS certificate errors will be ignored for this session
[GFX1-]: RenderCompositorSWGL failed mapping default framebuffer, no dt
console.error: ({})
JavaScript error: https://qcpi.questcdn.com/cdn/posting/?group=1950787&provider=1950787, line 891: ReferenceError: mmLoadMenus is not defined
JavaScript error: https://qcpi.questcdn.com/cdn/posting/?group=1950787&provider=1950787, line 915: ReferenceError: MM_preloadImages is not defined
1700604923323	Marionette	INFO	Stopped listening on port 49919
JavaScript warning: https://qcpi.questcdn.com/static/assets/plugins/slider.revolution/js/jquery.themepunch.tools.min.js, line 59: Script terminated by timeout at:
d@https://qcpi.questcdn.com/static/assets/plugins/slider.revolution/js/jquery.themepunch.tools.min.js:59:3290

Dynamically enable window occlusion 1
1700604924426	geckodriver	INFO	Listening on 127.0.0.1:49994
1700604927449	mozrunner::runner	INFO	Running command: "C:\\Program Files\\Mozilla Firefox\\firefox.exe" "--marionette" "-headless" "-no-remote" "-profile" "C:\\Users\\shubh\\AppData\\Local\\Temp\\rust_mozprofileUFyvgv"
*** You are running in headless mode.
console.warn: services.settings: Ignoring preference override of remote settings server
console.warn: services.settings: Allow by setting MOZ_REMOTE_SETTINGS_DEVTOOLS=1 in the environment
1700604927892	Marionette	INFO	Marionette enabled
Dynamically enable window occlusion 0
1700604928005	Marionette	INFO	Listening on port 50108
Read port: 50107
1700604928406	RemoteAgent	WARN	TLS certificate errors will be ignored for this session
[GFX1-]: RenderCompositorSWGL failed mapping default framebuffer, no dt
console.error: ({})
JavaScript error: https://qcpi.questcdn.com/cdn/posting/?group=1950787&provider=1950787, line 891: ReferenceError: mmLoadMenus is not defined
JavaScript error: https://qcpi.questcdn.com/cdn/posting/?group=1950787&provider=1950787, line 915: ReferenceError: MM_preloadImages is not defined
1700604938675	Marionette	INFO	Stopped listening on port 50105
Dynamically enable window occlusion 1
ng command: "C:\\Program Files\\Mozilla Firefox\\firefox.exe" "--marionette" "-headless" "-no-remote" "-profile" "C:\\Users\\shubh\\AppData\\Local\\Temp\\rust_mozprofilew7851f"
*** You are running in headless mode.
console.warn: services.settings: Ignoring preference override of remote settings server
console.warn: services.settings: Allow by setting MOZ_REMOTE_SETTINGS_DEVTOOLS=1 in the environment
1700604939038	Marionette	INFO	Marionette enabled
Dynamically enable window occlusion 0
1700604939114	Marionette	INFO	Listening on port 50409
Read port: 50409
1700604939331	RemoteAgent	WARN	TLS certificate errors will be ignored for this session
[GFX1-]: RenderCompositorSWGL failed mapping default framebuffer, no dt
console.error: ({})
JavaScript error: https://qcpi.questcdn.com/cdn/posting/?group=1950787&provider=1950787, line 891: ReferenceError: mmLoadMenus is not defined
JavaScript error: https://qcpi.questcdn.com/cdn/posting/?group=1950787&provider=1950787, line 915: ReferenceError: MM_preloadImages is not defined
1700604945234	Marionette	INFO	Stopped listening on port 50409
JavaScript warning: https://qcpi.questcdn.com/static/assets/plugins/slider.revolution/js/jquery.themepunch.tools.min.js, line 59: Script terminated by timeout at:
d@https://qcpi.questcdn.com/static/assets/plugins/slider.revolution/js/jquery.themepunch.tools.min.js:59:3290

Dynamically enable window occlusion 1
1700604946147	geckodriver	INFO	Listening on 127.0.0.1:50473
1700604949170	mozrunner::runner	INFO	Running command: "C:\\Program Files\\Mozilla Firefox\\firefox.exe" "--marionette" "-headless" "-no-remote" "-profile" "C:\\Users\\shubh\\AppData\\Local\\Temp\\rust_mozprofileEFsW5u"
*** You are running in headless mode.
console.warn: services.settings: Ignoring preference override of remote settings server
console.warn: services.settings: Allow by setting MOZ_REMOTE_SETTINGS_DEVTOOLS=1 in the environment
1700604949600	Marionette	INFO	Marionette enabled
Dynamically enable window occlusion 0
1700604949745	Marionette	INFO	Listening on port 50525
Read port: 50525
1700604950025	RemoteAgent	WARN	TLS certificate errors will be ignored for this session
[GFX1-]: RenderCompositorSWGL failed mapping default framebuffer, no dt
console.error: ({})
JavaScript error: https://qcpi.questcdn.com/cdn/posting/?group=1950787&provider=1950787, line 891: ReferenceError: mmLoadMenus is not defined
JavaScript error: https://qcpi.questcdn.com/cdn/posting/?group=1950787&provider=1950787, line 915: ReferenceError: MM_preloadImages is not defined
1700604960929	Marionette	INFO	Stopped listening on port 50522
Dynamically enable window occlusion 1
1700605155142	geckodriver	INFO	Listening on 127.0.0.1:50899
1700605158221	mozrunner::runner	INFO	Running command: "C:\\Program Files\\Mozilla Firefox\\firefox.exe" "--marionette" "-headless" "-no-remote" "-profile" "C:\\Users\\shubh\\AppData\\Local\\Temp\\rust_mozprofileZAR3hF"
*** You are running in headless mode.
console.warn: services.settings: Ignoring preference override of remote settings server
console.warn: services.settings: Allow by setting MOZ_REMOTE_SETTINGS_DEVTOOLS=1 in the environment
1700605158902	Marionette	INFO	Marionette enabled
Dynamically enable window occlusion 0
1700605159058	Marionette	INFO	Listening on port 50910
Read port: 50910
1700605159364	RemoteAgent	WARN	TLS certificate errors will be ignored for this session
[GFX1-]: RenderCompositorSWGL failed mapping default framebuffer, no dt
console.error: ({})
JavaScript error: https://qcpi.questcdn.com/cdn/posting/?group=1950787&provider=1950787, line 891: ReferenceError: mmLoadMenus is not defined
JavaScript error: https://qcpi.questcdn.com/cdn/posting/?group=1950787&provider=1950787, line 915: ReferenceError: MM_preloadImages is not defined
1700605165225	Marionette	INFO	Stopped listening on port 50910
JavaScript warning: https://qcpi.questcdn.com/static/assets/plugins/slider.revolution/js/jquery.themepunch.tools.min.js, line 59: Script terminated by timeout at:
d@https://qcpi.questcdn.com/static/assets/plugins/slider.revolution/js/jquery.themepunch.tools.min.js:59:3290

Dynamically enable window occlusion 1
1700605166014	geckodriver	INFO	Listening on 127.0.0.1:50973
1700605169086	mozrunner::runner	INFO	Running command: "C:\\Program Files\\Mozilla Firefox\\firefox.exe" "--marionette" "-headless" "-no-remote" "-profile" "C:\\Users\\shubh\\AppData\\Local\\Temp\\rust_mozprofileywIYq2"
*** You are running in headless mode.
console.warn: services.settings: Ignoring preference override of remote settings server
console.warn: services.settings: Allow by setting MOZ_REMOTE_SETTINGS_DEVTOOLS=1 in the environment
1700605169357	Marionette	INFO	Marionette enabled
Dynamically enable window occlusion 0
1700605169413	Marionette	INFO	Listening on port 50983
Read port: 50983
1700605169558	RemoteAgent	WARN	TLS certificate errors will be ignored for this session
[GFX1-]: RenderCompositorSWGL failed mapping default framebuffer, no dt
console.error: ({})
1700605200241	addons.xpi	ERROR	System addon update list error SyntaxError: XMLHttpRequest.open: 'http://%(server)s/dummy-system-addons.xml' is not a valid URL.
e" "--marionette" "-headless" "-no-remote" "-profile" "C:\\Users\\shubh\\AppData\\Local\\Temp\\rust_mozprofile8UiBan"
*** You are running in headless mode.
console.warn: services.settings: Ignoring preference override of remote settings server
console.warn: services.settings: Allow by setting MOZ_REMOTE_SETTINGS_DEVTOOLS=1 in the environment
1700605193739	Marionette	INFO	Marionette enabled
Dynamically enable window occlusion 0
1700605193796	Marionette	INFO	Listening on port 51026
Read port: 51026
1700605193925	RemoteAgent	WARN	TLS certificate errors will be ignored for this session
[GFX1-]: RenderCompositorSWGL failed mapping default framebuffer, no dt
console.error: ({})
JavaScript error: https://qcpi.questcdn.com/cdn/posting/?group=1950787&provider=1950787, line 891: ReferenceError: mmLoadMenus is not defined
JavaScript error: https://qcpi.questcdn.com/cdn/posting/?group=1950787&provider=1950787, line 915: ReferenceError: MM_preloadImages is not defined
1700605199897	Marionette	INFO	Stopped listening on port 51026
JavaScript warning: https://qcpi.questcdn.com/static/assets/plugins/slider.revolution/js/jquery.themepunch.tools.min.js, line 59: Script terminated by timeout at:
d@https://qcpi.questcdn.com/static/assets/plugins/slider.revolution/js/jquery.themepunch.tools.min.js:59:3290

Dynamically enable window occlusion 1
1700605201049	geckodriver	INFO	Listening on 127.0.0.1:51089
1700605204087	mozrunner::runner	INFO	Running command: "C:\\Program Files\\Mozilla Firefox\\firefox.exe" "--marionette" "-headless" "-no-remote" "-profile" "C:\\Users\\shubh\\AppData\\Local\\Temp\\rust_mozprofilev6Ff82"
*** You are running in headless mode.
console.warn: services.settings: Ignoring preference override of remote settings server
console.warn: services.settings: Allow by setting MOZ_REMOTE_SETTINGS_DEVTOOLS=1 in the environment
1700605204367	Marionette	INFO	Marionette enabled
Dynamically enable window occlusion 0
1700605204425	Marionette	INFO	Listening on port 51099
Read port: 51099
1700605204579	RemoteAgent	WARN	TLS certificate errors will be ignored for this session
[GFX1-]: RenderCompositorSWGL failed mapping default framebuffer, no dt
console.error: ({})
JavaScript error: https://qcpi.questcdn.com/cdn/posting/?group=1950787&provider=1950787, line 891: ReferenceError: mmLoadMenus is not defined
JavaScript error: https://qcpi.questcdn.com/cdn/posting/?group=1950787&provider=1950787, line 915: ReferenceError: MM_preloadImages is not defined
1700605210649	Marionette	INFO	Stopped listening on port 51099
Dynamically enable window occlusion 1
1700605211600	geckodriver	INFO	Listening on 127.0.0.1:51160
1700605214614	mozrunner::runner	INFO	Running command: "C:\\Program Files\\Mozilla Firefox\\firefox.exe" "--marionette" "-headless" "-no-remote" "-profile" "C:\\Users\\shubh\\AppData\\Local\\Temp\\rust_mozprofileZ2ftIh"
*** You are running in headless mode.
console.warn: services.settings: Ignoring preference override of remote settings server
console.warn: services.settings: Allow by setting MOZ_REMOTE_SETTINGS_DEVTOOLS=1 in the environment
1700605214882	Marionette	INFO	Marionette enabled
Dynamically enable window occlusion 0
1700605214946	Marionette	INFO	Listening on port 51170
Read port: 51170
1700605215094	RemoteAgent	WARN	TLS certificate errors will be ignored for this session
[GFX1-]: RenderCompositorSWGL failed mapping default framebuffer, no dt
console.error: ({})
JavaScript error: https://qcpi.questcdn.com/cdn/posting/?group=1950787&provider=1950787, line 891: ReferenceError: mmLoadMenus is not defined
JavaScript error: https://qcpi.questcdn.com/cdn/posting/?group=1950787&provider=1950787, line 915: ReferenceError: MM_preloadImages is not defined
1700605221111	Marionette	INFO	Stopped listening on port 51170
Dynamically enable window occlusion 1
1700605222019	geckodriver	INFO	Listening on 127.0.0.1:51229
1700605225043	mozrunner::runner	INFO	Running command: "C:\\Program Files\\Mozilla Firefox\\firefox.exe" "--marionette" "-headless" "-no-remote" "-profile" "C:\\Users\\shubh\\AppData\\Local\\Temp\\rust_mozprofileiLaEe6"
*** You are running in headless mode.
console.warn: services.settings: Ignoring preference override of remote settings server
console.warn: services.settings: Allow by setting MOZ_REMOTE_SETTINGS_DEVTOOLS=1 in the environment
1700605225331	Marionette	INFO	Marionette enabled
Dynamically enable window occlusion 0
1700605225397	Marionette	INFO	Listening on port 51239
Read port: 51239
1700605225558	RemoteAgent	WARN	TLS certificate errors will be ignored for this session
[GFX1-]: RenderCompositorSWGL failed mapping default framebuffer, no dt
console.error: ({})
JavaScript error: https://qcpi.questcdn.com/cdn/posting/?group=1950787&provider=1950787, line 891: ReferenceError: mmLoadMenus is not defined
JavaScript error: https://qcpi.questcdn.com/cdn/posting/?group=1950787&provider=1950787, line 915: ReferenceError: MM_preloadImages is not defined
1700605232691	Marionette	INFO	Stopped listening on port 51239
Dynamically enable window occlusion 1
JavaScript error: https://qcpi.questcdn.com/static/assets/js/scripts.js, line 4269: NS_ERROR_NOT_INITIALIZED: 
1700605233641	geckodriver	INFO	Listening on 127.0.0.1:51299
1700605236686	mozrunner::runner	INFO	Running command: "C:\\Program Files\\Mozilla Firefox\\firefox.exe" "--marionette" "-headless" "-no-remote" "-profile" "C:\\Users\\shubh\\AppData\\Local\\Temp\\rust_mozprofileDA5nWL"
*** You are running in headless mode.
console.warn: services.settings: Ignoring preference override of remote settings server
console.warn: services.settings: Allow by setting MOZ_REMOTE_SETTINGS_DEVTOOLS=1 in the environment
1700605236985	Marionette	INFO	Marionette enabled
Dynamically enable window occlusion 0
1700605237044	Marionette	INFO	Listening on port 51312
Read port: 51312
1700605237196	RemoteAgent	WARN	TLS certificate errors will be ignored for this session
[GFX1-]: RenderCompositorSWGL failed mapping default framebuffer, no dt
console.error: ({})
JavaScript error: https://qcpi.questcdn.com/cdn/posting/?group=1950787&provider=1950787, line 891: ReferenceError: mmLoadMenus is not defined
JavaScript error: https://qcpi.questcdn.com/cdn/posting/?group=1950787&provider=1950787, line 915: ReferenceError: MM_preloadImages is not defined
1700605243213	Marionette	INFO	Stopped listening on port 51312
Dynamically enable window occlusion 1
1700605244066	geckodriver	INFO	Listening on 127.0.0.1:51371
1700605247082	mozrunner::runner	INFO	Running command: "C:\\Program Files\\Mozilla Firefox\\firefox.exe" "--marionette" "-headless" "-no-remote" "-profile" "C:\\Users\\shubh\\AppData\\Local\\Temp\\rust_mozprofile2IGOOm"
*** You are running in headless mode.
console.warn: services.settings: Ignoring preference override of remote settings server
console.warn: services.settings: Allow by setting MOZ_REMOTE_SETTINGS_DEVTOOLS=1 in the environment
1700605247354	Marionette	INFO	Marionette enabled
Dynamically enable window occlusion 0
1700605247408	Marionette	INFO	Listening on port 51381
Read port: 51381
1700605247556	RemoteAgent	WARN	TLS certificate errors will be ignored for this session
[GFX1-]: RenderCompositorSWGL failed mapping default framebuffer, no dt
console.error: ({})
JavaScript error: https://qcpi.questcdn.com/cdn/posting/?group=1950787&provider=1950787, line 891: ReferenceError: mmLoadMenus is not defined
JavaScript error: https://qcpi.questcdn.com/cdn/posting/?group=1950787&provider=1950787, line 915: ReferenceError: MM_preloadImages is not defined
1700605253636	Marionette	INFO	Stopped listening on port 51381
Dynamically enable window occlusion 1
1700605314626	geckodriver	INFO	Listening on 127.0.0.1:51461
1700605317659	mozrunner::runner	INFO	Running command: "C:\\Program Files\\Mozilla Firefox\\firefox.exe" "--marionette" "-headless" "-no-remote" "-profile" "C:\\Users\\shubh\\AppData\\Local\\Temp\\rust_mozprofilejo4wlp"
*** You are running in headless mode.
console.warn: services.settings: Ignoring preference override of remote settings server
console.warn: services.settings: Allow by setting MOZ_REMOTE_SETTINGS_DEVTOOLS=1 in the environment
1700605317963	Marionette	INFO	Marionette enabled
Dynamically enable window occlusion 0
1700605318022	Marionette	INFO	Listening on port 51471
Read port: 51471
1700605318169	RemoteAgent	WARN	TLS certificate errors will be ignored for this session
[GFX1-]: RenderCompositorSWGL failed mapping default framebuffer, no dt
console.error: ({})
JavaScript error: https://qcpi.questcdn.com/cdn/posting/?group=1950787&provider=1950787, line 891: ReferenceError: mmLoadMenus is not defined
JavaScript error: https://qcpi.questcdn.com/cdn/posting/?group=1950787&provider=1950787, line 915: ReferenceError: MM_preloadImages is not defined
1700605323782	Marionette	INFO	Stopped listening on port 51471
JavaScript warning: https://qcpi.questcdn.com/static/assets/plugins/slider.revolution/js/jquery.themepunch.tools.min.js, line 59: Script terminated by timeout at:
d@https://qcpi.questcdn.com/static/assets/plugins/slider.revolution/js/jquery.themepunch.tools.min.js:59:3290

Dynamically enable window occlusion 1
1700605324769	geckodriver	INFO	Listening on 127.0.0.1:51530
1700605327828	mozrunner::runner	INFO	Running command: "C:\\Program Files\\Mozilla Firefox\\firefox.exe" "--marionette" "-headless" "-no-remote" "-profile" "C:\\Users\\shubh\\AppData\\Local\\Temp\\rust_mozprofileiaGQhE"
*** You are running in headless mode.
console.warn: services.settings: Ignoring preference override of remote settings server
console.warn: services.settings: Allow by setting MOZ_REMOTE_SETTINGS_DEVTOOLS=1 in the environment
1700605328209	Marionette	INFO	Marionette enabled
Dynamically enable window occlusion 0
1700605328272	Marionette	INFO	Listening on port 51540
Read port: 51540
1700605328428	RemoteAgent	WARN	TLS certificate errors will be ignored for this session
[GFX1-]: RenderCompositorSWGL failed mapping default framebuffer, no dt
console.error: ({})
JavaScript error: https://qcpi.questcdn.com/cdn/posting/?group=1950787&provider=1950787, line 891: ReferenceError: mmLoadMenus is not defined
JavaScript error: https://qcpi.questcdn.com/cdn/posting/?group=1950787&provider=1950787, line 915: ReferenceError: MM_preloadImages is not defined
1700605334494	Marionette	INFO	Stopped listening on port 51540
Dynamically enable window occlusion 1
1700605335491	geckodriver	INFO	Listening on 127.0.0.1:51600
1700605338542	mozrunner::runner	INFO	Running command: "C:\\Program Files\\Mozilla Firefox\\firefox.exe" "--marionette" "-headless" "-no-remote" "-profile" "C:\\Users\\shubh\\AppData\\Local\\Temp\\rust_mozprofileIS20VA"
*** You are running in headless mode.
console.warn: services.settings: Ignoring preference override of remote settings server
console.warn: services.settings: Allow by setting MOZ_REMOTE_SETTINGS_DEVTOOLS=1 in the environment
1700605338831	Marionette	INFO	Marionette enabled
Dynamically enable window occlusion 0
1700605338888	Marionette	INFO	Listening on port 51610
Read port: 51610
1700605339048	RemoteAgent	WARN	TLS certificate errors will be ignored for this session
[GFX1-]: RenderCompositorSWGL failed mapping default framebuffer, no dt
console.error: ({})
JavaScript error: https://qcpi.questcdn.com/cdn/posting/?group=1950787&provider=1950787, line 891: ReferenceError: mmLoadMenus is not defined
JavaScript error: https://qcpi.questcdn.com/cdn/posting/?group=1950787&provider=1950787, line 915: ReferenceError: MM_preloadImages is not defined
1700605378850	geckodriver	INFO	Listening on 127.0.0.1:51679
1700605381911	mozrunner::runner	INFO	Running command: "C:\\Program Files\\Mozilla Firefox\\firefox.exe" "--marionette" "-headless" "-no-remote" "-profile" "C:\\Users\\shubh\\AppData\\Local\\Temp\\rust_mozprofilelaWBwu"
*** You are running in headless mode.
console.warn: services.settings: Ignoring preference override of remote settings server
console.warn: services.settings: Allow by setting MOZ_REMOTE_SETTINGS_DEVTOOLS=1 in the environment
1700605382178	Marionette	INFO	Marionette enabled
Dynamically enable window occlusion 0
1700605382235	Marionette	INFO	Listening on port 51691
Read port: 51691
1700605382362	RemoteAgent	WARN	TLS certificate errors will be ignored for this session
[GFX1-]: RenderCompositorSWGL failed mapping default framebuffer, no dt
console.error: ({})
JavaScript error: https://qcpi.questcdn.com/cdn/posting/?group=1950787&provider=1950787, line 891: ReferenceError: mmLoadMenus is not defined
JavaScript error: https://qcpi.questcdn.com/cdn/posting/?group=1950787&provider=1950787, line 915: ReferenceError: MM_preloadImages is not defined
1700605387960	Marionette	INFO	Stopped listening on port 51691
JavaScript warning: https://qcpi.questcdn.com/static/assets/plugins/slider.revolution/js/jquery.themepunch.tools.min.js, line 59: Script terminated by timeout at:
d@https://qcpi.questcdn.com/static/assets/plugins/slider.revolution/js/jquery.themepunch.tools.min.js:59:3290

Dynamically enable window occlusion 1
1700605388916	geckodriver	INFO	Listening on 127.0.0.1:51752
1700605391937	mozrunner::runner	INFO	Running command: "C:\\Program Files\\Mozilla Firefox\\firefox.exe" "--marionette" "-headless" "-no-remote" "-profile" "C:\\Users\\shubh\\AppData\\Local\\Temp\\rust_mozprofile2TjK6M"
*** You are running in headless mode.
console.warn: services.settings: Ignoring preference override of remote settings server
console.warn: services.settings: Allow by setting MOZ_REMOTE_SETTINGS_DEVTOOLS=1 in the environment
1700605392490	Marionette	INFO	Marionette enabled
Dynamically enable window occlusion 0
1700605392668	Marionette	INFO	Listening on port 51808
Read port: 51808
1700605393081	RemoteAgent	WARN	TLS certificate errors will be ignored for this session
[GFX1-]: RenderCompositorSWGL failed mapping default framebuffer, no dt
console.error: ({})
JavaScript error: https://qcpi.questcdn.com/cdn/posting/?group=1950787&provider=1950787, line 891: ReferenceError: mmLoadMenus is not defined
JavaScript error: https://qcpi.questcdn.com/cdn/posting/?group=1950787&provider=1950787, line 915: ReferenceError: MM_preloadImages is not defined
1700605404733	Marionette	INFO	Stopped listening on port 51804
Dynamically enable window occlusion 1
1700605426414	geckodriver	INFO	Listening on 127.0.0.1:52113
1700605429440	mozrunner::runner	INFO	Running command: "C:\\Program Files\\Mozilla Firefox\\firefox.exe" "--marionette" "-headless" "-no-remote" "-profile" "C:\\Users\\shubh\\AppData\\Local\\Temp\\rust_mozprofileeI05IY"
*** You are running in headless mode.
console.warn: services.settings: Ignoring preference override of remote settings server
console.warn: services.settings: Allow by setting MOZ_REMOTE_SETTINGS_DEVTOOLS=1 in the environment
1700605429808	Marionette	INFO	Marionette enabled
Dynamically enable window occlusion 0
1700605429871	Marionette	INFO	Listening on port 52125
Read port: 52125
1700605430023	RemoteAgent	WARN	TLS certificate errors will be ignored for this session
[GFX1-]: RenderCompositorSWGL failed mapping default framebuffer, no dt
console.error: ({})
JavaScript error: https://qcpi.questcdn.com/cdn/posting/?group=1950787&provider=1950787, line 891: ReferenceError: mmLoadMenus is not defined
JavaScript error: https://qcpi.questcdn.com/cdn/posting/?group=1950787&provider=1950787, line 915: ReferenceError: MM_preloadImages is not defined
1700605436042	Marionette	INFO	Stopped listening on port 52125
JavaScript warning: https://qcpi.questcdn.com/static/assets/plugins/slider.revolution/js/jquery.themepunch.tools.min.js, line 59: Script terminated by timeout at:
d@https://qcpi.questcdn.com/static/assets/plugins/slider.revolution/js/jquery.themepunch.tools.min.js:59:3290

Dynamically enable window occlusion 1
1700605436904	geckodriver	INFO	Listening on 127.0.0.1:52189
1700605439941	mozrunner::runner	INFO	Running command: "C:\\Program Files\\Mozilla Firefox\\firefox.exe" "--marionette" "-headless" "-no-remote" "-profile" "C:\\Users\\shubh\\AppData\\Local\\Temp\\rust_mozprofileZkZ3Tk"
*** You are running in headless mode.
console.warn: services.settings: Ignoring preference override of remote settings server
console.warn: services.settings: Allow by setting MOZ_REMOTE_SETTINGS_DEVTOOLS=1 in the environment
1700605440407	Marionette	INFO	Marionette enabled
Dynamically enable window occlusion 0
1700605440548	Marionette	INFO	Listening on port 52245
Read port: 52245
1700605440795	RemoteAgent	WARN	TLS certificate errors will be ignored for this session
[GFX1-]: RenderCompositorSWGL failed mapping default framebuffer, no dt
console.error: ({})
JavaScript error: https://qcpi.questcdn.com/cdn/posting/?group=1950787&provider=1950787, line 891: ReferenceError: mmLoadMenus is not defined
JavaScript error: https://qcpi.questcdn.com/cdn/posting/?group=1950787&provider=1950787, line 915: ReferenceError: MM_preloadImages is not defined
1700605449409	Marionette	INFO	Stopped listening on port 52244
Dynamically enable window occlusion 1
JavaScript error: https://qcpi.questcdn.com/static/assets/js/scripts.js, line 4269: NS_ERROR_NOT_INITIALIZED: 
1700606103190	geckodriver	INFO	Listening on 127.0.0.1:52877
1700606106259	mozrunner::runner	INFO	Running command: "C:\\Program Files\\Mozilla Firefox\\firefox.exe" "--marionette" "-headless" "-no-remote" "-profile" "C:\\Users\\shubh\\AppData\\Local\\Temp\\rust_mozprofileaPFW1U"
*** You are running in headless mode.
console.warn: services.settings: Ignoring preference override of remote settings server
console.warn: services.settings: Allow by setting MOZ_REMOTE_SETTINGS_DEVTOOLS=1 in the environment
1700606106607	Marionette	INFO	Marionette enabled
Dynamically enable window occlusion 0
1700606106663	Marionette	INFO	Listening on port 52889
Read port: 52889
1700606106827	RemoteAgent	WARN	TLS certificate errors will be ignored for this session
[GFX1-]: RenderCompositorSWGL failed mapping default framebuffer, no dt
console.error: ({})
JavaScript error: https://qcpi.questcdn.com/cdn/posting/?group=1950787&provider=1950787, line 891: ReferenceError: mmLoadMenus is not defined
JavaScript error: https://qcpi.questcdn.com/cdn/posting/?group=1950787&provider=1950787, line 915: ReferenceError: MM_preloadImages is not defined
1700606113743	Marionette	INFO	Stopped listening on port 52889
JavaScript warning: https://qcpi.questcdn.com/static/assets/plugins/slider.revolution/js/jquery.themepunch.tools.min.js, line 59: Script terminated by timeout at:
d@https://qcpi.questcdn.com/static/assets/plugins/slider.revolution/js/jquery.themepunch.tools.min.js:59:3290

Dynamically enable window occlusion 1
1700606114731	geckodriver	INFO	Listening on 127.0.0.1:52960
1700606117741	mozrunner::runner	INFO	Running command: "C:\\Program Files\\Mozilla Firefox\\firefox.exe" "--marionette" "-headless" "-no-remote" "-profile" "C:\\Users\\shubh\\AppData\\Local\\Temp\\rust_mozprofilezEXs4z"
*** You are running in headless mode.
console.warn: services.settings: Ignoring preference override of remote settings server
console.warn: services.settings: Allow by setting MOZ_REMOTE_SETTINGS_DEVTOOLS=1 in the environment
1700606118236	Marionette	INFO	Marionette enabled
Dynamically enable window occlusion 0
1700606118413	Marionette	INFO	Listening on port 53011
Read port: 53011
1700606118751	RemoteAgent	WARN	TLS certificate errors will be ignored for this session
[GFX1-]: RenderCompositorSWGL failed mapping default framebuffer, no dt
console.error: ({})
JavaScript error: https://qcpi.questcdn.com/cdn/posting/?group=1950787&provider=1950787, line 891: ReferenceError: mmLoadMenus is not defined
JavaScript error: https://qcpi.questcdn.com/cdn/posting/?group=1950787&provider=1950787, line 915: ReferenceError: MM_preloadImages is not defined
1700606129678	Marionette	INFO	Stopped listening on port 53011
Dynamically enable window occlusion 1
1700606170367	geckodriver	INFO	Listening on 127.0.0.1:53331
1700606173422	mozrunner::runner	INFO	Running command: "C:\\Program Files\\Mozilla Firefox\\firefox.exe" "--marionette" "-headless" "-no-remote" "-profile" "C:\\Users\\shubh\\AppData\\Local\\Temp\\rust_mozprofileWyPeiu"
*** You are running in headless mode.
console.warn: services.settings: Ignoring preference override of remote settings server
console.warn: services.settings: Allow by setting MOZ_REMOTE_SETTINGS_DEVTOOLS=1 in the environment
1700606173847	Marionette	INFO	Marionette enabled
Dynamically enable window occlusion 0
1700606173924	Marionette	INFO	Listening on port 53341
Read port: 53341
1700606174123	RemoteAgent	WARN	TLS certificate errors will be ignored for this session
[GFX1-]: RenderCompositorSWGL failed mapping default framebuffer, no dt
console.error: ({})
JavaScript error: https://qcpi.questcdn.com/cdn/posting/?group=1950787&provider=1950787, line 891: ReferenceError: mmLoadMenus is not defined
JavaScript error: https://qcpi.questcdn.com/cdn/posting/?group=1950787&provider=1950787, line 915: ReferenceError: MM_preloadImages is not defined
1700606179939	Marionette	INFO	Stopped listening on port 53341
JavaScript warning: https://qcpi.questcdn.com/static/assets/plugins/slider.revolution/js/jquery.themepunch.tools.min.js, line 59: Script terminated by timeout at:
d@https://qcpi.questcdn.com/static/assets/plugins/slider.revolution/js/jquery.themepunch.tools.min.js:59:3290

Dynamically enable window occlusion 1
1700606180936	geckodriver	INFO	Listening on 127.0.0.1:53404
1700606183967	mozrunner::runner	INFO	Running command: "C:\\Program Files\\Mozilla Firefox\\firefox.exe" "--marionette" "-headless" "-no-remote" "-profile" "C:\\Users\\shubh\\AppData\\Local\\Temp\\rust_mozprofileHImmxe"
*** You are running in headless mode.
console.warn: services.settings: Ignoring preference override of remote settings server
console.warn: services.settings: Allow by setting MOZ_REMOTE_SETTINGS_DEVTOOLS=1 in the environment
1700606184404	Marionette	INFO	Marionette enabled
Dynamically enable window occlusion 0
1700606184503	Marionette	INFO	Listening on port 53457
Read port: 53457
1700606184847	RemoteAgent	WARN	TLS certificate errors will be ignored for this session
[GFX1-]: RenderCompositorSWGL failed mapping default framebuffer, no dt
console.error: ({})
JavaScript error: https://qcpi.questcdn.com/cdn/posting/?group=1950787&provider=1950787, line 891: ReferenceError: mmLoadMenus is not defined
JavaScript error: https://qcpi.questcdn.com/cdn/posting/?group=1950787&provider=1950787, line 915: ReferenceError: MM_preloadImages is not defined
1700606194924	Marionette	INFO	Stopped listening on port 53454
Dynamically enable window occlusion 1
